# JRE version: Java(TM) SE Runtime Environment (11.0.2+9) (build 11.0.2+9-LTS)
# Java VM: Java HotSpot(TM) 64-Bit Server VM (11.0.2+9-LTS, mixed mode, tiered, compressed oops, g1 gc, windows-amd64)
Heap:
 garbage-first heap   total 246784K, used 213836K [0x00000000c8a00000, 0x0000000100000000)
  region size 1024K, 80 young (81920K), 5 survivors (5120K)
 Metaspace       used 57950K, capacity 60995K, committed 61212K, reserved 1101824K
  class space    used 6881K, capacity 8306K, committed 8396K, reserved 1048576K
GC Heap History (10 events):
Event: 32.018 GC heap before
{Heap before GC invocations=65 (full 0):
 garbage-first heap   total 246784K, used 200877K [0x00000000c8a00000, 0x0000000100000000)
  region size 1024K, 124 young (126976K), 17 survivors (17408K)
 Metaspace       used 55412K, capacity 58409K, committed 58780K, reserved 1099776K
  class space    used 6712K, capacity 8133K, committed 8268K, reserved 1048576K
}
Event: 32.040 GC heap after
{Heap after GC invocations=66 (full 0):
 garbage-first heap   total 246784K, used 99139K [0x00000000c8a00000, 0x0000000100000000)
  region size 1024K, 9 young (9216K), 9 survivors (9216K)
 Metaspace       used 55412K, capacity 58409K, committed 58780K, reserved 1099776K
  class space    used 6712K, capacity 8133K, committed 8268K, reserved 1048576K
}
Event: 32.255 GC heap before
{Heap before GC invocations=66 (full 0):
 garbage-first heap   total 246784K, used 211779K [0x00000000c8a00000, 0x0000000100000000)
  region size 1024K, 107 young (109568K), 9 survivors (9216K)
 Metaspace       used 55443K, capacity 58409K, committed 58780K, reserved 1099776K
  class space    used 6712K, capacity 8133K, committed 8268K, reserved 1048576K
}
Event: 32.270 GC heap after
{Heap after GC invocations=67 (full 0):
 garbage-first heap   total 246784K, used 111101K [0x00000000c8a00000, 0x0000000100000000)
  region size 1024K, 10 young (10240K), 10 survivors (10240K)
 Metaspace       used 55443K, capacity 58409K, committed 58780K, reserved 1099776K
  class space    used 6712K, capacity 8133K, committed 8268K, reserved 1048576K
}
Event: 32.804 GC heap before
{Heap before GC invocations=67 (full 0):
 garbage-first heap   total 246784K, used 198141K [0x00000000c8a00000, 0x0000000100000000)
  region size 1024K, 95 young (97280K), 10 survivors (10240K)
 Metaspace       used 55939K, capacity 58935K, committed 59036K, reserved 1099776K
  class space    used 6736K, capacity 8175K, committed 8268K, reserved 1048576K
}
Event: 32.820 GC heap after
{Heap after GC invocations=68 (full 0):
 garbage-first heap   total 246784K, used 119651K [0x00000000c8a00000, 0x0000000100000000)
  region size 1024K, 10 young (10240K), 10 survivors (10240K)
 Metaspace       used 55939K, capacity 58935K, committed 59036K, reserved 1099776K
  class space    used 6736K, capacity 8175K, committed 8268K, reserved 1048576K
}
Event: 33.101 GC heap before
{Heap before GC invocations=68 (full 0):
 garbage-first heap   total 246784K, used 198499K [0x00000000c8a00000, 0x0000000100000000)
  region size 1024K, 87 young (89088K), 10 survivors (10240K)
 Metaspace       used 56005K, capacity 59005K, committed 59292K, reserved 1099776K
  class space    used 6742K, capacity 8176K, committed 8268K, reserved 1048576K
}
Event: 33.111 GC heap after
{Heap after GC invocations=69 (full 0):
 garbage-first heap   total 246784K, used 122315K [0x00000000c8a00000, 0x0000000100000000)
  region size 1024K, 3 young (3072K), 3 survivors (3072K)
 Metaspace       used 56005K, capacity 59005K, committed 59292K, reserved 1099776K
  class space    used 6742K, capacity 8176K, committed 8268K, reserved 1048576K
}
Event: 33.429 GC heap before
{Heap before GC invocations=69 (full 0):
 garbage-first heap   total 246784K, used 202187K [0x00000000c8a00000, 0x0000000100000000)
  region size 1024K, 81 young (82944K), 3 survivors (3072K)
 Metaspace       used 56048K, capacity 59069K, committed 59292K, reserved 1099776K
  class space    used 6745K, capacity 8176K, committed 8268K, reserved 1048576K
}
Event: 33.434 GC heap after
{Heap after GC invocations=70 (full 0):
 garbage-first heap   total 246784K, used 123724K [0x00000000c8a00000, 0x0000000100000000)
  region size 1024K, 5 young (5120K), 5 survivors (5120K)
 Metaspace       used 56048K, capacity 59069K, committed 59292K, reserved 1099776K
  class space    used 6745K, capacity 8176K, committed 8268K, reserved 1048576K
}

